2026-01-04 18:00:03,537 - VideoSplitTool - DEBUG - test_improvements.py:25 - 这是DEBUG级别日志
2026-01-04 18:00:03,538 - VideoSplitTool - INFO - test_improvements.py:26 - 这是INFO级别日志
2026-01-04 18:00:03,538 - VideoSplitTool - WARNING - test_improvements.py:27 - 这是WARNING级别日志
2026-01-04 18:00:03,538 - VideoSplitTool - ERROR - test_improvements.py:28 - 这是ERROR级别日志
2026-01-04 18:00:04,039 - VideoSplitTool - DEBUG - temp_manager.py:35 - 创建临时文件追踪: C:\Users\junjieF\AppData\Local\Temp\video_pin\test_70fd188b.test0
2026-01-04 18:00:04,039 - VideoSplitTool - DEBUG - temp_manager.py:35 - 创建临时文件追踪: C:\Users\junjieF\AppData\Local\Temp\video_pin\test_367e1dc8.test1
2026-01-04 18:00:04,040 - VideoSplitTool - DEBUG - temp_manager.py:35 - 创建临时文件追踪: C:\Users\junjieF\AppData\Local\Temp\video_pin\test_70eb01f9.test2
2026-01-04 18:00:04,041 - VideoSplitTool - DEBUG - temp_manager.py:48 - 删除临时文件: C:\Users\junjieF\AppData\Local\Temp\video_pin\test_70fd188b.test0
2026-01-04 18:00:04,042 - VideoSplitTool - DEBUG - temp_manager.py:48 - 删除临时文件: C:\Users\junjieF\AppData\Local\Temp\video_pin\test_367e1dc8.test1
2026-01-04 18:00:04,042 - VideoSplitTool - DEBUG - temp_manager.py:48 - 删除临时文件: C:\Users\junjieF\AppData\Local\Temp\video_pin\test_70eb01f9.test2
2026-01-04 18:00:04,042 - VideoSplitTool - INFO - temp_manager.py:58 - 清理了 3 个临时文件
2026-01-04 18:05:02,693 - VideoSplitTool - INFO - main.py:1339 - ==================================================
2026-01-04 18:05:02,693 - VideoSplitTool - INFO - main.py:1340 - 程序启动
2026-01-04 18:05:02,693 - VideoSplitTool - INFO - main.py:1341 - ==================================================
2026-01-04 18:05:51,602 - VideoSplitTool - INFO - main.py:1216 - 启动处理线程，共 1 个视频，1 种组合
2026-01-04 18:05:51,789 - VideoSplitTool - INFO - video_processor.py:62 - 执行FFmpeg命令: 处理视频
2026-01-04 18:05:51,789 - VideoSplitTool - DEBUG - video_processor.py:63 - FFmpeg命令: D:\mpower_project\video_pin\ffmpeg-8.0.1-full_build\bin\ffmpeg.exe -y -stream_loop -1 -i D:/mpower_project/video_pin/model.mp4 -stream_loop -1 -i D:/mpower_project/video_pin/list/iPhone 14 PRO _ Product Launch Demo by Akshay Hooda on Dribbble.mp4 -filter_complex [1:v]scale=800:450:force_original_aspect_ratio=disable,crop=400:450:0:0,scale=400:450:force_original_aspect_ratio=disable[vc];[0:v]scale=800:450:force_original_aspect_ratio=disable,crop=400:450:800-400:0[va];[vc][va]hstack=inputs=2[outv];[0:a]acopy[outa] -map [outv] -map [outa] -c:a aac -b:a 128k -t 16.933333 -c:v libx264 -preset medium -crf 23 D:/mpower_project/video_pin\20260104_180551_001.mp4
2026-01-04 18:05:52,600 - VideoSplitTool - INFO - video_processor.py:86 - FFmpeg执行成功: 处理视频
2026-01-04 18:05:52,820 - VideoSplitTool - INFO - video_processor.py:62 - 执行FFmpeg命令: 添加封面
2026-01-04 18:05:52,820 - VideoSplitTool - DEBUG - video_processor.py:63 - FFmpeg命令: D:\mpower_project\video_pin\ffmpeg-8.0.1-full_build\bin\ffmpeg.exe -y -i C:\Users\junjieF\AppData\Local\Temp\video_pin\cover_video_8d4a959e.mp4 -i D:/mpower_project/video_pin\20260104_180551_001.mp4 -filter_complex [0:v]scale=800:450:force_original_aspect_ratio=disable,setsar=1[v0];[1:v]scale=800:450:force_original_aspect_ratio=disable,setsar=1[v1];[v0][v1]concat=n=2:v=1:a=0[outv];anullsrc=channel_layout=stereo:sample_rate=44100:duration=1.0[a0];[a0][1:a]concat=n=2:v=0:a=1[outa] -map [outv] -map [outa] -c:v libx264 -c:a aac -b:a 128k -shortest -preset medium -crf 23 C:\Users\junjieF\AppData\Local\Temp\video_pin\final_8d4a959e.mp4
2026-01-04 18:05:53,546 - VideoSplitTool - INFO - video_processor.py:86 - FFmpeg执行成功: 添加封面
2026-01-04 18:06:53,984 - VideoSplitTool - INFO - main.py:1361 - 用户正常退出程序
2026-01-04 18:06:54,091 - VideoSplitTool - INFO - main.py:1368 - 程序已关闭
2026-01-04 18:06:54,092 - VideoSplitTool - INFO - temp_manager.py:125 - 程序退出，开始清理临时文件...
2026-01-04 18:06:54,093 - VideoSplitTool - INFO - temp_manager.py:127 - 临时文件清理完成
2026-01-04 18:15:22,684 - VideoSplitTool - INFO - main.py:1339 - ==================================================
2026-01-04 18:15:22,685 - VideoSplitTool - INFO - main.py:1340 - 程序启动
2026-01-04 18:15:22,685 - VideoSplitTool - INFO - main.py:1341 - ==================================================
2026-01-04 18:19:44,387 - VideoSplitTool - INFO - main.py:1216 - 启动处理线程，共 4 个视频，1 种组合
2026-01-04 18:19:44,617 - VideoSplitTool - INFO - video_processor.py:62 - 执行FFmpeg命令: 处理视频
2026-01-04 18:19:44,617 - VideoSplitTool - DEBUG - video_processor.py:63 - FFmpeg命令: D:\mpower_project\video_pin\ffmpeg-8.0.1-full_build\bin\ffmpeg.exe -y -stream_loop -1 -i D:/mpower_project/video_pin/model.mp4 -stream_loop -1 -i D:/mpower_project/video_pin/list/iPhone 14 PRO _ Product Launch Demo by Akshay Hooda on Dribbble.mp4 -filter_complex [1:v]scale=720:1280:force_original_aspect_ratio=disable,crop=720:640:0:0,scale=720:640:force_original_aspect_ratio=disable[vc];[0:v]scale=720:1280:force_original_aspect_ratio=disable,crop=720:640:0:1280-640[va];[vc][va]vstack=inputs=2[outv];[1:a]acopy[outa] -map [outv] -map [outa] -c:a aac -b:a 128k -t 24.133333 -c:v libx264 -preset medium -crf 23 D:/mpower_project/video_pin\20260104_181944_001.mp4
2026-01-04 18:19:47,024 - VideoSplitTool - INFO - video_processor.py:86 - FFmpeg执行成功: 处理视频
2026-01-04 18:19:47,359 - VideoSplitTool - INFO - video_processor.py:62 - 执行FFmpeg命令: 添加封面
2026-01-04 18:19:47,359 - VideoSplitTool - DEBUG - video_processor.py:63 - FFmpeg命令: D:\mpower_project\video_pin\ffmpeg-8.0.1-full_build\bin\ffmpeg.exe -y -i C:\Users\junjieF\AppData\Local\Temp\video_pin\cover_video_6fc571cd.mp4 -i D:/mpower_project/video_pin\20260104_181944_001.mp4 -filter_complex [0:v]scale=720:1280:force_original_aspect_ratio=disable,setsar=1[v0];[1:v]scale=720:1280:force_original_aspect_ratio=disable,setsar=1[v1];[v0][v1]concat=n=2:v=1:a=0[outv];anullsrc=channel_layout=stereo:sample_rate=44100:duration=1.0[a0];[a0][1:a]concat=n=2:v=0:a=1[outa] -map [outv] -map [outa] -c:v libx264 -c:a aac -b:a 128k -shortest -preset medium -crf 23 C:\Users\junjieF\AppData\Local\Temp\video_pin\final_6fc571cd.mp4
2026-01-04 18:19:49,654 - VideoSplitTool - INFO - video_processor.py:86 - FFmpeg执行成功: 添加封面
2026-01-04 18:19:49,948 - VideoSplitTool - INFO - video_processor.py:62 - 执行FFmpeg命令: 处理视频
2026-01-04 18:19:49,948 - VideoSplitTool - DEBUG - video_processor.py:63 - FFmpeg命令: D:\mpower_project\video_pin\ffmpeg-8.0.1-full_build\bin\ffmpeg.exe -y -stream_loop -1 -i D:/mpower_project/video_pin/model.mp4 -stream_loop -1 -i D:/mpower_project/video_pin/list/list 3.mp4 -filter_complex [1:v]scale=720:1280:force_original_aspect_ratio=disable,crop=720:640:0:0,scale=720:640:force_original_aspect_ratio=disable[vc];[0:v]scale=720:1280:force_original_aspect_ratio=disable,crop=720:640:0:1280-640[va];[vc][va]vstack=inputs=2[outv];[1:a]acopy[outa] -map [outv] -map [outa] -c:a aac -b:a 128k -t 28.4 -c:v libx264 -preset medium -crf 23 D:/mpower_project/video_pin\20260104_181949_002.mp4
2026-01-04 18:19:53,752 - VideoSplitTool - INFO - video_processor.py:86 - FFmpeg执行成功: 处理视频
2026-01-04 18:19:54,165 - VideoSplitTool - INFO - video_processor.py:62 - 执行FFmpeg命令: 添加封面
2026-01-04 18:19:54,165 - VideoSplitTool - DEBUG - video_processor.py:63 - FFmpeg命令: D:\mpower_project\video_pin\ffmpeg-8.0.1-full_build\bin\ffmpeg.exe -y -i C:\Users\junjieF\AppData\Local\Temp\video_pin\cover_video_553fff10.mp4 -i D:/mpower_project/video_pin\20260104_181949_002.mp4 -filter_complex [0:v]scale=720:1280:force_original_aspect_ratio=disable,setsar=1[v0];[1:v]scale=720:1280:force_original_aspect_ratio=disable,setsar=1[v1];[v0][v1]concat=n=2:v=1:a=0[outv];anullsrc=channel_layout=stereo:sample_rate=44100:duration=1.0[a0];[a0][1:a]concat=n=2:v=0:a=1[outa] -map [outv] -map [outa] -c:v libx264 -c:a aac -b:a 128k -shortest -preset medium -crf 23 C:\Users\junjieF\AppData\Local\Temp\video_pin\final_553fff10.mp4
2026-01-04 18:19:57,606 - VideoSplitTool - INFO - video_processor.py:86 - FFmpeg执行成功: 添加封面
2026-01-04 18:19:57,886 - VideoSplitTool - INFO - video_processor.py:62 - 执行FFmpeg命令: 处理视频
2026-01-04 18:19:57,886 - VideoSplitTool - DEBUG - video_processor.py:63 - FFmpeg命令: D:\mpower_project\video_pin\ffmpeg-8.0.1-full_build\bin\ffmpeg.exe -y -stream_loop -1 -i D:/mpower_project/video_pin/model.mp4 -stream_loop -1 -i D:/mpower_project/video_pin/list/list1.mp4 -filter_complex [1:v]scale=720:1280:force_original_aspect_ratio=disable,crop=720:640:0:0,scale=720:640:force_original_aspect_ratio=disable[vc];[0:v]scale=720:1280:force_original_aspect_ratio=disable,crop=720:640:0:1280-640[va];[vc][va]vstack=inputs=2[outv];[1:a]acopy[outa] -map [outv] -map [outa] -c:a aac -b:a 128k -t 49.466667 -c:v libx264 -preset medium -crf 23 D:/mpower_project/video_pin\20260104_181957_003.mp4
2026-01-04 18:20:04,768 - VideoSplitTool - INFO - video_processor.py:86 - FFmpeg执行成功: 处理视频
2026-01-04 18:20:05,169 - VideoSplitTool - INFO - video_processor.py:62 - 执行FFmpeg命令: 添加封面
2026-01-04 18:20:05,169 - VideoSplitTool - DEBUG - video_processor.py:63 - FFmpeg命令: D:\mpower_project\video_pin\ffmpeg-8.0.1-full_build\bin\ffmpeg.exe -y -i C:\Users\junjieF\AppData\Local\Temp\video_pin\cover_video_186b0f90.mp4 -i D:/mpower_project/video_pin\20260104_181957_003.mp4 -filter_complex [0:v]scale=720:1280:force_original_aspect_ratio=disable,setsar=1[v0];[1:v]scale=720:1280:force_original_aspect_ratio=disable,setsar=1[v1];[v0][v1]concat=n=2:v=1:a=0[outv];anullsrc=channel_layout=stereo:sample_rate=44100:duration=1.0[a0];[a0][1:a]concat=n=2:v=0:a=1[outa] -map [outv] -map [outa] -c:v libx264 -c:a aac -b:a 128k -shortest -preset medium -crf 23 C:\Users\junjieF\AppData\Local\Temp\video_pin\final_186b0f90.mp4
2026-01-04 18:20:11,811 - VideoSplitTool - INFO - video_processor.py:86 - FFmpeg执行成功: 添加封面
2026-01-04 18:20:12,121 - VideoSplitTool - INFO - video_processor.py:62 - 执行FFmpeg命令: 处理视频
2026-01-04 18:20:12,121 - VideoSplitTool - DEBUG - video_processor.py:63 - FFmpeg命令: D:\mpower_project\video_pin\ffmpeg-8.0.1-full_build\bin\ffmpeg.exe -y -stream_loop -1 -i D:/mpower_project/video_pin/model.mp4 -stream_loop -1 -i D:/mpower_project/video_pin/list/list2 .mp4 -filter_complex [1:v]scale=720:1280:force_original_aspect_ratio=disable,crop=720:640:0:0,scale=720:640:force_original_aspect_ratio=disable[vc];[0:v]scale=720:1280:force_original_aspect_ratio=disable,crop=720:640:0:1280-640[va];[vc][va]vstack=inputs=2[outv];[1:a]acopy[outa] -map [outv] -map [outa] -c:a aac -b:a 128k -t 35.966667 -c:v libx264 -preset medium -crf 23 D:/mpower_project/video_pin\20260104_182011_004.mp4
2026-01-04 18:20:18,015 - VideoSplitTool - INFO - video_processor.py:86 - FFmpeg执行成功: 处理视频
2026-01-04 18:20:18,430 - VideoSplitTool - INFO - video_processor.py:62 - 执行FFmpeg命令: 添加封面
2026-01-04 18:20:18,430 - VideoSplitTool - DEBUG - video_processor.py:63 - FFmpeg命令: D:\mpower_project\video_pin\ffmpeg-8.0.1-full_build\bin\ffmpeg.exe -y -i C:\Users\junjieF\AppData\Local\Temp\video_pin\cover_video_c7242ea3.mp4 -i D:/mpower_project/video_pin\20260104_182011_004.mp4 -filter_complex [0:v]scale=720:1280:force_original_aspect_ratio=disable,setsar=1[v0];[1:v]scale=720:1280:force_original_aspect_ratio=disable,setsar=1[v1];[v0][v1]concat=n=2:v=1:a=0[outv];anullsrc=channel_layout=stereo:sample_rate=44100:duration=1.0[a0];[a0][1:a]concat=n=2:v=0:a=1[outa] -map [outv] -map [outa] -c:v libx264 -c:a aac -b:a 128k -shortest -preset medium -crf 23 C:\Users\junjieF\AppData\Local\Temp\video_pin\final_c7242ea3.mp4
2026-01-04 18:20:23,955 - VideoSplitTool - INFO - video_processor.py:86 - FFmpeg执行成功: 添加封面
2026-01-04 18:23:29,993 - VideoSplitTool - INFO - main.py:1361 - 用户正常退出程序
2026-01-04 18:23:30,151 - VideoSplitTool - INFO - main.py:1368 - 程序已关闭
2026-01-04 18:23:30,152 - VideoSplitTool - INFO - temp_manager.py:125 - 程序退出，开始清理临时文件...
2026-01-04 18:23:30,153 - VideoSplitTool - INFO - temp_manager.py:127 - 临时文件清理完成
